C51 COMPILER V9.00   MAIN                                                                  11/03/2017 15:26:19 PAGE 1   


C51 COMPILER V9.00, COMPILATION OF MODULE MAIN
OBJECT MODULE PLACED IN main.OBJ
COMPILER INVOKED BY: D:\Keil\C51\BIN\C51.EXE main.c OMF2 BROWSE DEBUG

line level    source

   1          #include<reg52.h>
   2          #include<stdio.h>
   3          
   4          unsigned char i=0;
   5          unsigned char buf[7]={0x00,0xc0,0xc0,0xc0,0xc0,0xc0,0xc0};
   6          unsigned char ding[]={0,1,0,1,0,1,0,1,0,1};
   7          unsigned char len=1;
   8          unsigned char num=1;
   9          sbit EN=P3^3;
  10          void init()
  11          {
  12   1              TMOD=0x20;
  13   1              TH1=0xf3;
  14   1              TR1=1;
  15   1              SCON=0x50;
  16   1              PCON=0x80;
  17   1              EA=1;
  18   1              ES=1;
  19   1      }
  20          
  21          void delay(unsigned char z)
  22          {
  23   1              unsigned char x,y;
  24   1              for(x=z;x>0;x--)
  25   1                      for(y=255;y>0;y--);
  26   1      }
  27          void display()
  28          {
  29   1              if(buf[0]==0xaa)
  30   1              {                                                 
  31   2                      unsigned char p;
  32   2                      for(p=1;p<7;p++)
  33   2                      {
  34   3                              P2=~(num<<(p-1));
  35   3                              P0=buf[p];
  36   3                              delay(1);
  37   3                              P0=0xff;
  38   3                      }
  39   2              }
  40   1              if(buf[0]==0x55)
  41   1              {
  42   2                      P2=~(num<<7);
  43   2                      P0=~buf[1];
  44   2              }
  45   1          if(buf[0]==0x5a)
  46   1          {
  47   2              if(buf[1]==0x01)
  48   2              {
  49   3                  EN=!EN;
  50   3                  delay(255);
  51   3              }
  52   2          }
  53   1      }
  54          int main()
  55          {
C51 COMPILER V9.00   MAIN                                                                  11/03/2017 15:26:19 PAGE 2   

  56   1              init();
  57   1              while(1)
  58   1              {
  59   2                      display();
  60   2              }
  61   1      }
  62          
  63          void recv() interrupt 4
  64          {
  65   1              if(RI)
  66   1              {
  67   2                      buf[i]=SBUF;
  68   2                      if(i==0)
  69   2                      {
  70   3                              if(buf[i]==0xaa)
  71   3                                      len=6;
  72   3                              else
  73   3                                      len=1;
  74   3                      }
  75   2                      if(len==1&&i==1)
  76   2                      {
  77   3                              if(buf[0]==0xa5)
  78   3                                      P2=~buf[1];
  79   3                      }
  80   2                      if(i==len)
  81   2                              i=0;
  82   2                      else
  83   2                              i++;
  84   2                      RI=0;           
  85   2              }
  86   1      }


MODULE INFORMATION:   STATIC OVERLAYABLE
   CODE SIZE        =    216    ----
   CONSTANT SIZE    =   ----    ----
   XDATA SIZE       =   ----    ----
   PDATA SIZE       =   ----    ----
   DATA SIZE        =     20       1
   IDATA SIZE       =   ----    ----
   BIT SIZE         =   ----    ----
   EDATA SIZE       =   ----    ----
   HDATA SIZE       =   ----    ----
   XDATA CONST SIZE =   ----    ----
   FAR CONST SIZE   =   ----    ----
END OF MODULE INFORMATION.


C51 COMPILATION COMPLETE.  0 WARNING(S),  0 ERROR(S)
